2023-03-06 22:53:35,280 : INFO: test_RunSearch :painting found
2023-03-06 22:53:39,380 : INFO: test_homepage :Homepage is woking
2023-03-06 22:53:44,730 : INFO: test_addNewPainiting :The painting has been added
2023-03-06 22:53:49,685 : INFO: test_AddReview :The review has been added
2023-03-06 22:54:07,130 : ERROR: test_RunSearch :painting not found
2023-03-06 22:54:07,130 : ERROR: test_RunSearch :painting not found
2023-03-06 22:54:10,977 : DEBUG: test_ReviewPainting :Failed to add review due to missing mandotry attribute
2023-03-06 22:54:15,939 : DEBUG: test_AddPainting :Failed to add review due to missing mandotry attribute
2023-03-06 22:54:20,461 : INFO: test_AddReView :The review has been added
2023-03-06 22:54:25,895 : ERROR: test_Search :painting not found
2023-03-06 22:54:30,112 : INFO: test_AddReView :The review has been added
2023-03-06 22:54:30,112 : INFO: test_AddReView :The review has been added
2023-03-06 22:54:36,195 : INFO: test_AddSamePainting :The painting has been added
2023-03-06 22:54:40,219 : INFO: test_Delete :The painting was deleted successfully
2023-03-06 22:54:46,090 : INFO: test_AddRandomPhoto :The painting has been added
2023-03-06 22:54:50,330 : INFO: test_title_homepage :Title is verified and found correct
2023-03-06 22:54:54,485 : INFO: test_description :Mona Lisa’s discerption verified
2023-03-06 22:54:58,466 : INFO: test_painting_title :Mona 
2023-03-06 23:16:54,802 : INFO: test_RunSearch :painting found
2023-03-06 23:16:58,878 : INFO: test_homepage :Homepage is woking
2023-03-06 23:17:03,697 : INFO: test_addNewPainiting :The painting has been added
2023-03-06 23:17:07,733 : INFO: test_AddReview :The review has been added
2023-03-06 23:17:22,726 : ERROR: test_RunSearch :painting not found
2023-03-06 23:17:22,726 : ERROR: test_RunSearch :painting not found
2023-03-06 23:17:26,677 : DEBUG: test_ReviewPainting :Failed to add review due to missing mandotry attribute
2023-03-06 23:17:32,504 : DEBUG: test_AddPainting :Failed to add review due to missing mandotry attribute
2023-03-06 23:17:36,313 : INFO: test_AddReView :The review has been added
2023-03-06 23:17:40,313 : ERROR: test_Search :painting not found
2023-03-06 23:17:44,467 : INFO: test_AddReView :The review has been added
2023-03-06 23:17:44,467 : INFO: test_AddReView :The review has been added
2023-03-06 23:17:50,317 : INFO: test_AddSamePainting :The painting has been added
2023-03-06 23:17:54,221 : INFO: test_Delete :The painting was deleted successfully
2023-03-06 23:17:59,760 : INFO: test_AddRandomPhoto :The painting has been added
2023-03-06 23:18:04,072 : INFO: test_title_homepage :Title is verified and found correct
2023-03-06 23:18:09,347 : INFO: test_description :Mona Lisa’s discerption verified
2023-03-06 23:18:13,346 : INFO: test_painting_title :Mona 
2023-03-07 08:06:20,078 : INFO: test_RunSearch :painting found
2023-03-07 08:06:24,312 : INFO: test_homepage :Homepage is woking
2023-03-07 08:06:29,666 : INFO: test_addNewPainiting :The painting has been added
2023-03-07 08:06:35,693 : INFO: test_AddReview :The review has been added
2023-03-07 08:06:42,496 : INFO: test_alterPainting :painting's title has altered
2023-03-07 08:06:46,746 : ERROR: test_RunSearch :painting not found
2023-03-07 08:06:46,746 : ERROR: test_RunSearch :painting not found
2023-03-07 08:06:50,809 : DEBUG: test_ReviewPainting :Failed to add review due to missing mandotry attribute
2023-03-07 08:06:56,627 : DEBUG: test_AddPainting :Failed to add review due to missing mandotry attribute
2023-03-07 08:07:01,381 : INFO: test_AddReView :The review has been added
2023-03-07 08:07:05,684 : ERROR: test_Search :painting not found
2023-03-07 08:07:10,387 : INFO: test_AddReView :The review has been added
2023-03-07 08:07:10,387 : INFO: test_AddReView :The review has been added
2023-03-07 08:07:16,062 : INFO: test_AddSamePainting :The painting has been added
2023-03-07 08:07:19,963 : INFO: test_Delete :The painting was deleted successfully
2023-03-07 08:07:25,964 : INFO: test_AddRandomPhoto :The painting has been added
2023-03-07 08:07:29,692 : INFO: test_title_homepage :Title is verified and found correct
2023-03-07 08:07:33,563 : INFO: test_description :Mona Lisa’s discerption verified
2023-03-07 08:07:37,370 : INFO: test_painting_title :Mona 
2023-03-07 08:14:26,700 : INFO: test_artist : artist verified 
2023-03-07 08:15:22,189 : INFO: test_current_location : Christ in the Storm artist verified 
2023-03-07 08:17:14,837 : INFO: test_RunSearch :painting found
2023-03-07 08:17:19,007 : INFO: test_homepage :Homepage is woking
2023-03-07 08:17:24,629 : INFO: test_addNewPainiting :The painting has been added
2023-03-07 08:17:29,358 : INFO: test_AddReview :The review has been added
2023-03-07 08:17:34,770 : INFO: test_alterPainting :painting's title has altered
2023-03-07 08:17:38,833 : ERROR: test_RunSearch :painting not found
2023-03-07 08:17:38,833 : ERROR: test_RunSearch :painting not found
2023-03-07 08:17:42,694 : DEBUG: test_ReviewPainting :Failed to add review due to missing mandotry attribute
2023-03-07 08:17:47,865 : DEBUG: test_AddPainting :Failed to add review due to missing mandotry attribute
2023-03-07 08:17:51,942 : INFO: test_AddReView :The review has been added
2023-03-07 08:17:56,388 : ERROR: test_Search :painting not found
2023-03-07 08:18:00,592 : INFO: test_AddReView :The review has been added
2023-03-07 08:18:00,592 : INFO: test_AddReView :The review has been added
2023-03-07 08:18:05,891 : INFO: test_AddSamePainting :The painting has been added
2023-03-07 08:18:09,825 : INFO: test_Delete :The painting was deleted successfully
2023-03-07 08:18:14,384 : INFO: test_AddRandomPhoto :The painting has been added
2023-03-07 08:18:18,920 : INFO: test_title_homepage :Title is verified and found correct
2023-03-07 08:18:22,888 : INFO: test_description :Mona Lisa’s discerption verified
2023-03-07 08:18:27,162 : INFO: test_painting_title :The Ambassadors title verified 
2023-03-07 08:18:31,802 : INFO: test_artist : Christ in the Storm artist verified 
2023-03-07 08:18:38,382 : INFO: test_current_location : Cafe Terrace at Night current location verified 
2023-03-07 10:01:37,532 : INFO: test_alterPainting :painting's title has altered
2023-03-07 11:12:33,615 : ERROR: test_RunSearch :painting not found
2023-03-07 11:12:41,547 : DEBUG: test_ReviewPainting :Failed to add review due to missing mandotry attribute
2023-03-07 11:12:54,452 : DEBUG: test_AddPainting :Failed to add review due to missing mandotry attribute
2023-03-07 11:13:06,656 : INFO: test_AddReView :The review has been added
2023-03-07 11:13:16,029 : ERROR: test_Search :painting not found
2023-03-07 11:14:07,330 : INFO: test_RunSearch :painting found
2023-03-07 11:14:23,704 : INFO: test_homepage :Homepage is woking
2023-03-07 11:14:39,045 : INFO: test_addNewPainiting :The painting has been added
2023-03-07 11:14:52,194 : INFO: test_AddReview :The review has been added
2023-03-07 11:15:15,043 : INFO: test_alterPainting :painting's title has altered
2023-03-07 11:15:30,857 : ERROR: test_RunSearch :painting not found
2023-03-07 11:15:30,857 : ERROR: test_RunSearch :painting not found
2023-03-07 11:15:39,729 : DEBUG: test_ReviewPainting :Failed to add review due to missing mandotry attribute
2023-03-07 11:16:01,414 : DEBUG: test_AddPainting :Failed to add review due to missing mandotry attribute
2023-03-07 11:16:21,594 : INFO: test_AddReView :The review has been added
2023-03-07 11:16:36,277 : ERROR: test_Search :painting not found
2023-03-07 11:16:52,437 : INFO: test_AddReView :The review has been added
2023-03-07 11:16:52,437 : INFO: test_AddReView :The review has been added
2023-03-07 11:17:28,039 : INFO: test_AddSamePainting :The painting has been added
2023-03-07 11:17:41,659 : INFO: test_Delete :The painting was deleted successfully
2023-03-07 11:18:15,387 : INFO: test_title_homepage :Title is verified and found correct
2023-03-07 11:18:24,758 : INFO: test_description :Mona Lisa’s discerption verified
2023-03-07 11:18:35,517 : INFO: test_painting_title :The Ambassadors title verified 
2023-03-07 11:18:43,950 : INFO: test_artist : Christ in the Storm artist verified 
2023-03-07 11:18:53,700 : INFO: test_current_location : Cafe Terrace at Night current location verified 
2023-03-09 10:50:16,457 : INFO: test_AddReView :The review has been added
2023-03-09 10:50:57,711 : DEBUG: test_AddPainting :Failed to add review due to missing mandotry attribute
2023-03-09 11:03:35,435 : DEBUG: test_ReviewPainting :Failed to add review due to missing mandotry attribute
2023-03-09 11:11:06,503 : INFO: test_HomePage :The site opened and we reached in the homePage
2023-03-09 11:14:30,566 : INFO: test_PageAddPainting :The site opened and we reached in the Add paintind page
2023-03-09 11:17:51,901 : INFO: test_alterPainting :painting's title has altered
2023-03-09 11:22:23,183 : INFO: test_Alter :The painting alter
2023-03-10 20:50:30,929 : INFO: test_Delete :The painting was deleted successfully
2023-03-10 21:05:45,547 : INFO: test_Delete :The painting was deleted successfully
2023-03-10 21:38:46,620 : INFO: test_AddSamePainting :The painting has been added
2023-03-10 21:40:20,261 : INFO: test_AddRandomPhoto :The painting has been added
2023-03-10 21:44:45,679 : INFO: test_alterPainting :painting's title has altered
2023-03-10 21:48:32,452 : INFO: test_alterPainting :painting's title has altered
2023-03-10 21:57:26,418 : INFO: test_AddReView :The review has been added
2023-03-10 21:58:50,478 : INFO: test_AddReView :The review has been added
2023-03-10 22:00:39,125 : INFO: test_AddReView :The review has been added
2023-03-12 09:26:55,609 : INFO: test_AddSamePainting :The painting has been added
2023-03-12 09:27:06,045 : INFO: test_Delete :The painting was deleted successfully
2023-03-12 09:27:19,979 : INFO: test_AddReView :The review has been added
2023-03-12 09:27:25,432 : INFO: test_AddSamePainting :The painting has been added
2023-03-12 09:27:34,828 : INFO: test_Delete :The painting was deleted successfully
2023-03-12 09:27:40,683 : INFO: test_AddRandomPhoto :The painting has been added
2023-03-12 09:32:24,965 : INFO: test_RunSearch :painting found
2023-03-12 09:32:29,288 : INFO: test_homepage :Homepage is woking
2023-03-12 09:32:34,662 : INFO: test_addNewPainiting :The painting has been added
2023-03-12 09:32:39,115 : INFO: test_AddReview :The review has been added
2023-03-12 09:33:14,979 : INFO: test_AddReView :The review has been added
2023-03-12 09:33:23,344 : INFO: test_AddReView :The review has been added
2023-03-12 09:33:23,344 : INFO: test_AddReView :The review has been added
2023-03-12 09:33:30,097 : INFO: test_AddSamePainting :The painting has been added
2023-03-12 09:33:43,169 : INFO: test_Delete :The painting was deleted successfully
2023-03-12 09:33:49,783 : INFO: test_AddRandomPhoto :The painting has been added
2023-03-12 09:33:56,393 : INFO: test_title_homepage :Title is verified and found correct
2023-03-12 09:34:03,023 : INFO: test_OpenSite :The site opened and we reached in the homePage
2023-03-12 09:34:09,881 : INFO: test_PageAddPainting :The site opened and we reached in the Add paintind page
2023-03-12 09:34:14,548 : INFO: test_Alter :The painting alter
2023-03-12 09:34:19,726 : INFO: test_current_location : Cafe Terrace at Night current location verified 
2023-03-12 09:36:36,718 : INFO: test_RunSearch :painting found
2023-03-12 09:36:40,862 : INFO: test_homepage :Homepage is woking
2023-03-12 09:36:46,299 : INFO: test_addNewPainiting :The painting has been added
2023-03-12 09:36:50,624 : INFO: test_AddReview :The review has been added
2023-03-12 09:37:22,806 : INFO: test_AddReView :The review has been added
2023-03-12 09:37:29,284 : INFO: test_AddReView :The review has been added
2023-03-12 09:37:29,284 : INFO: test_AddReView :The review has been added
2023-03-12 09:37:34,952 : INFO: test_AddSamePainting :The painting has been added
2023-03-12 09:37:48,283 : INFO: test_Delete :The painting was deleted successfully
2023-03-12 09:37:54,659 : INFO: test_AddRandomPhoto :The painting has been added
2023-03-12 09:37:59,102 : INFO: test_title_homepage :Title is verified and found correct
2023-03-12 09:38:03,466 : INFO: test_OpenSite :The site opened and we reached in the homePage
2023-03-12 09:38:08,286 : INFO: test_PageAddPainting :The site opened and we reached in the Add paintind page
2023-03-12 09:38:12,638 : INFO: test_Alter :The painting alter
2023-03-12 09:38:17,176 : INFO: test_current_location : Cafe Terrace at Night current location verified 
2023-03-12 10:03:28,461 : INFO: test_AddReView :The review has been added
2023-03-12 10:03:36,667 : INFO: test_AddReView :The review has been added
2023-03-12 10:03:36,667 : INFO: test_AddReView :The review has been added
2023-03-12 10:03:57,278 : INFO: test_AddReView :The review has been added
2023-03-12 10:04:01,401 : INFO: test_AddReView :The review has been added
2023-03-12 10:04:01,401 : INFO: test_AddReView :The review has been added
2023-03-12 10:05:04,890 : INFO: test_AddReView :The review has been added
2023-03-12 10:05:09,184 : INFO: test_AddReView :The review has been added
2023-03-12 10:05:09,184 : INFO: test_AddReView :The review has been added
2023-03-12 10:05:52,570 : INFO: test_AddReView :The review has been added
2023-03-12 10:05:57,158 : INFO: test_AddReView :The review has been added
2023-03-12 10:05:57,158 : INFO: test_AddReView :The review has been added
2023-03-12 12:05:54,850 : DEBUG: test_fileType :faild to add the painting
2023-03-12 12:06:00,988 : DEBUG: test_fileType :faild to add the painting
2023-03-12 12:06:00,988 : DEBUG: test_fileType :faild to add the painting
